<?xml version="1.0" encoding="UTF-8"?>
<!-- Generated by org.testng.reporters.JUnitReportReporter -->
<testsuite hostname="DESKTOP-CI2T2L0" failures="0" tests="5" name="Selenium.Selenium.FacebookAccountDataProvider" time="42.003" errors="0" timestamp="22 Apr 2019 02:25:41 GMT">
  <testcase classname="Selenium.Selenium.FacebookAccountDataProvider" name="FacebookActDataProvider" time="8.041"/>
  <testcase classname="Selenium.Selenium.FacebookAccountDataProvider" name="FacebookActDataProvider" time="9.120"/>
  <testcase classname="Selenium.Selenium.FacebookAccountDataProvider" name="FacebookActDataProvider" time="7.611"/>
  <testcase classname="Selenium.Selenium.FacebookAccountDataProvider" name="FacebookActDataProvider" time="9.447"/>
  <testcase classname="Selenium.Selenium.FacebookAccountDataProvider" name="FacebookActDataProvider" time="7.784"/>
</testsuite> <!-- Selenium.Selenium.FacebookAccountDataProvider -->
