<?xml version="1.0" encoding="UTF-8"?>
<!-- Generated by org.testng.reporters.JUnitReportReporter -->
<testsuite hostname="DESKTOP-CI2T2L0" failures="0" tests="1" name="Selenium.Selenium.MouseActionsExample" time="27.907" errors="0" timestamp="27 Apr 2019 04:54:01 GMT">
  <testcase classname="Selenium.Selenium.MouseActionsExample" name="jobsearchOnAllegisGroupHomePageAdvanced" time="27.907"/>
</testsuite> <!-- Selenium.Selenium.MouseActionsExample -->
