<?xml version="1.0" encoding="UTF-8"?>
<!-- Generated by org.testng.reporters.JUnitReportReporter -->
<testsuite hostname="DESKTOP-CI2T2L0" failures="0" tests="1" name="Selenium.Selenium.CrossBrowserTech" time="2.893" errors="0" timestamp="21 Apr 2019 02:21:34 GMT">
  <testcase classname="Selenium.Selenium.CrossBrowserTech" name="verifypageTitle" time="2.893"/>
</testsuite> <!-- Selenium.Selenium.CrossBrowserTech -->
