<?xml version="1.0" encoding="UTF-8"?>
<!-- Generated by org.testng.reporters.JUnitReportReporter -->
<testsuite hostname="DESKTOP-CI2T2L0" failures="0" tests="1" name="Selenium.Selenium.MouseActionsExample" time="18.566" errors="0" timestamp="20 Apr 2019 20:54:47 GMT">
  <testcase classname="Selenium.Selenium.MouseActionsExample" name="jobsearchOnAllegisGroupHomePageAdvanced" time="18.566"/>
</testsuite> <!-- Selenium.Selenium.MouseActionsExample -->
