<?xml version="1.0" encoding="UTF-8"?>
<!-- Generated by org.testng.reporters.JUnitReportReporter -->
<testsuite hostname="DESKTOP-CI2T2L0" failures="0" tests="1" name="Selenium.Selenium.HowToReadDataFromExcel" time="0.652" errors="0" timestamp="21 Apr 2019 16:06:33 GMT">
  <testcase classname="Selenium.Selenium.HowToReadDataFromExcel" name="jobsearchOnAllegisGroupHomePageBasic" time="0.652"/>
</testsuite> <!-- Selenium.Selenium.HowToReadDataFromExcel -->
