<?xml version="1.0" encoding="UTF-8"?>
<!-- Generated by org.testng.reporters.JUnitReportReporter -->
<testsuite hostname="DESKTOP-CI2T2L0" failures="0" tests="1" name="Selenium.Selenium.AllegisgroupJobSerch2" time="13.308" errors="0" timestamp="20 Apr 2019 20:54:47 GMT">
  <testcase classname="Selenium.Selenium.AllegisgroupJobSerch2" name="jobsearchOnAllegisGroupHomePage1" time="13.308"/>
</testsuite> <!-- Selenium.Selenium.AllegisgroupJobSerch2 -->
