<?xml version="1.0" encoding="UTF-8"?>
<!-- Generated by org.testng.reporters.JUnitReportReporter -->
<testsuite hostname="DESKTOP-CI2T2L0" failures="0" tests="1" name="Selenium.Selenium.AllegisgroupJobSerch3" time="6.354" errors="0" timestamp="27 Apr 2019 04:54:01 GMT">
  <testcase classname="Selenium.Selenium.AllegisgroupJobSerch3" name="jobsearchOnAllegisGroupHomePage11" time="6.354"/>
</testsuite> <!-- Selenium.Selenium.AllegisgroupJobSerch3 -->
