<?xml version="1.0" encoding="UTF-8"?>
<!-- Generated by org.testng.reporters.JUnitReportReporter -->
<testsuite hostname="DESKTOP-CI2T2L0" name="TestRestAPI.Test_Api" tests="1" failures="0" timestamp="12 May 2019 01:45:56 GMT" time="2.955" errors="0">
  <testcase name="GetWeatherDetails" time="2.955" classname="TestRestAPI.Test_Api"/>
</testsuite> <!-- TestRestAPI.Test_Api -->
