<?xml version="1.0" encoding="UTF-8"?>
<!-- Generated by org.testng.reporters.JUnitReportReporter -->
<testsuite hostname="DESKTOP-CI2T2L0" failures="0" tests="1" name="Selenium.Selenium.MouseActionsExample" time="43.067" errors="0" timestamp="28 Apr 2019 16:36:45 GMT">
  <testcase classname="Selenium.Selenium.MouseActionsExample" name="jobsearchOnAllegisGroupHomePageAdvanced" time="43.067"/>
</testsuite> <!-- Selenium.Selenium.MouseActionsExample -->
