<?xml version="1.0" encoding="UTF-8"?>
<!-- Generated by org.testng.reporters.JUnitReportReporter -->
<testsuite hostname="DESKTOP-CI2T2L0" failures="0" tests="1" name="Selenium.Selenium.MouseActionsExample" time="15.762" errors="0" timestamp="30 Apr 2019 22:57:08 GMT">
  <testcase classname="Selenium.Selenium.MouseActionsExample" name="jobsearchOnAllegisGroupHomePageAdvanced" time="15.762"/>
</testsuite> <!-- Selenium.Selenium.MouseActionsExample -->
