<?xml version="1.0" encoding="UTF-8"?>
<!-- Generated by org.testng.reporters.JUnitReportReporter -->
<testsuite hostname="DESKTOP-CI2T2L0" failures="0" tests="1" name="Selenium.Selenium.WindowHandleExamplebasics" time="21.411" errors="0" timestamp="28 Apr 2019 16:22:40 GMT">
  <testcase classname="Selenium.Selenium.WindowHandleExamplebasics" name="jobsearchOnAllegisGroupHomePageBasic" time="21.411"/>
</testsuite> <!-- Selenium.Selenium.WindowHandleExamplebasics -->
